[18:07:47] [main/INFO]: Loading Minecraft 1.21.1 with Fabric Loader 0.16.3
[18:07:47] [main/INFO]: Loading 4 mods:
	- fabricloader 0.16.3
	   \-- mixinextras 0.4.1
	- java 21
	- minecraft 1.21.1
[18:07:48] [main/INFO]: SpongePowered MIXIN Subsystem Version=0.8.7 Source=file:/workspaces/server/servidor_minecraft/libraries/net/fabricmc/sponge-mixin/0.15.2+mixin.0.8.7/sponge-mixin-0.15.2+mixin.0.8.7.jar Service=Knot/Fabric Env=SERVER
[18:07:58] [main/INFO]: Environment: Environment[sessionHost=https://sessionserver.mojang.com, servicesHost=https://api.minecraftservices.com, name=PROD]
[18:08:00] [main/INFO]: No existing world data, creating new world
[18:08:01] [main/INFO]: Loaded 1290 recipes
[18:08:01] [main/INFO]: Loaded 1399 advancements
[18:08:02] [Server thread/INFO]: Starting minecraft server version 1.21.1
[18:08:02] [Server thread/INFO]: Loading properties
[18:08:02] [Server thread/INFO]: Default game type: SURVIVAL
[18:08:02] [Server thread/INFO]: Generating keypair
[18:08:03] [Server thread/INFO]: Starting Minecraft server on *:25565
[18:08:03] [Server thread/INFO]: Using epoll channel type
[18:08:03] [Server thread/WARN]: **** SERVER IS RUNNING IN OFFLINE/INSECURE MODE!
[18:08:03] [Server thread/WARN]: The server will make no attempt to authenticate usernames. Beware.
[18:08:03] [Server thread/WARN]: While this makes the game possible to play without internet access, it also opens up the ability for hackers to connect with any username they choose.
[18:08:03] [Server thread/WARN]: To change this, set "online-mode" to "true" in the server.properties file.
[18:08:03] [Server thread/INFO]: Preparing level "world"
[18:08:19] [Server thread/INFO]: Preparing start region for dimension minecraft:overworld
[18:08:19] [Worker-Main-1/INFO]: Preparing spawn area: 2%
[18:08:20] [Worker-Main-1/INFO]: Preparing spawn area: 2%
[18:08:21] [Worker-Main-1/INFO]: Preparing spawn area: 2%
[18:08:21] [Worker-Main-1/INFO]: Preparing spawn area: 2%
[18:08:21] [Worker-Main-1/INFO]: Preparing spawn area: 2%
[18:08:22] [Worker-Main-1/INFO]: Preparing spawn area: 2%
[18:08:22] [Worker-Main-1/INFO]: Preparing spawn area: 2%
[18:08:23] [Worker-Main-1/INFO]: Preparing spawn area: 2%
[18:08:24] [Worker-Main-1/INFO]: Preparing spawn area: 2%
[18:08:24] [Worker-Main-1/INFO]: Preparing spawn area: 2%
[18:08:24] [Worker-Main-1/INFO]: Preparing spawn area: 2%
[18:08:25] [Worker-Main-1/INFO]: Preparing spawn area: 2%
[18:08:25] [Worker-Main-1/INFO]: Preparing spawn area: 2%
[18:08:26] [Worker-Main-1/INFO]: Preparing spawn area: 2%
[18:08:26] [Worker-Main-1/INFO]: Preparing spawn area: 2%
[18:08:27] [Worker-Main-1/INFO]: Preparing spawn area: 2%
[18:08:27] [Worker-Main-1/INFO]: Preparing spawn area: 2%
[18:08:28] [Worker-Main-1/INFO]: Preparing spawn area: 2%
[18:08:28] [Worker-Main-1/INFO]: Preparing spawn area: 2%
[18:08:29] [Worker-Main-1/INFO]: Preparing spawn area: 2%
[18:08:29] [Worker-Main-1/INFO]: Preparing spawn area: 2%
[18:08:30] [Worker-Main-1/INFO]: Preparing spawn area: 12%
[18:08:30] [Server thread/INFO]: Time elapsed: 11032 ms
[18:08:30] [Server thread/INFO]: Done (27.525s)! For help, type "help"
